# JRE version: OpenJDK Runtime Environment Temurin-21.0.3+9 (21.0.3+9) (build 21.0.3+9-LTS)
# Java VM: OpenJDK 64-Bit Server VM Temurin-21.0.3+9 (21.0.3+9-LTS, mixed mode, emulated-client, tiered, compressed oops, compressed class ptrs, g1 gc, windows-amd64)
GC Precious Log:
 CardTable entry size: 512
 Card Set container configuration: InlinePtr #cards 5 size 8 Array Of Cards #cards 12 size 40 Howl #buckets 4 coarsen threshold 1843 Howl Bitmap #cards 512 size 80 coarsen threshold 460 Card regions per heap region 1 cards per card region 2048
 CPUs: 4 total, 4 available
 Memory: 16080M
 Large Page Support: Disabled
 NUMA Support: Disabled
 Compressed Oops: Enabled (32-bit)
 Heap Region Size: 1M
 Heap Min Capacity: 8M
 Heap Initial Capacity: 252M
 Heap Max Capacity: 1G
 Pre-touch: Disabled
 Parallel Workers: 4
 Concurrent Workers: 1
 Concurrent Refinement Workers: 4
 Periodic GC: Disabled
Heap:
 garbage-first heap   total 91136K, used 34914K [0x00000000c0000000, 0x0000000100000000)
  region size 1024K, 1 young (1024K), 0 survivors (0K)
 Metaspace       used 62578K, committed 63296K, reserved 1114112K
  class space    used 7347K, committed 7680K, reserved 1048576K
GC Heap History (20 events):
Event: 66494.777 GC heap after
{Heap after GC invocations=6372 (full 6356):
 garbage-first heap   total 91136K, used 34914K [0x00000000c0000000, 0x0000000100000000)
  region size 1024K, 0 young (0K), 0 survivors (0K)
 Metaspace       used 62578K, committed 63296K, reserved 1114112K
  class space    used 7347K, committed 7680K, reserved 1048576K
}
Event: 66505.120 GC heap before
{Heap before GC invocations=6372 (full 6356):
 garbage-first heap   total 91136K, used 34914K [0x00000000c0000000, 0x0000000100000000)
  region size 1024K, 1 young (1024K), 0 survivors (0K)
 Metaspace       used 62578K, committed 63296K, reserved 1114112K
  class space    used 7347K, committed 7680K, reserved 1048576K
}
Event: 66505.157 GC heap after
{Heap after GC invocations=6373 (full 6357):
 garbage-first heap   total 91136K, used 34914K [0x00000000c0000000, 0x0000000100000000)
  region size 1024K, 0 young (0K), 0 survivors (0K)
 Metaspace       used 62578K, committed 63296K, reserved 1114112K
  class space    used 7347K, committed 7680K, reserved 1048576K
}
Event: 66515.467 GC heap before
{Heap before GC invocations=6373 (full 6357):
 garbage-first heap   total 91136K, used 34914K [0x00000000c0000000, 0x0000000100000000)
  region size 1024K, 1 young (1024K), 0 survivors (0K)
 Metaspace       used 62578K, committed 63296K, reserved 1114112K
  class space    used 7347K, committed 7680K, reserved 1048576K
}
Event: 66515.521 GC heap after
{Heap after GC invocations=6374 (full 6358):
 garbage-first heap   total 91136K, used 34914K [0x00000000c0000000, 0x0000000100000000)
  region size 1024K, 0 young (0K), 0 survivors (0K)
 Metaspace       used 62578K, committed 63296K, reserved 1114112K
  class space    used 7347K, committed 7680K, reserved 1048576K
}
Event: 66525.792 GC heap before
{Heap before GC invocations=6374 (full 6358):
 garbage-first heap   total 91136K, used 34914K [0x00000000c0000000, 0x0000000100000000)
  region size 1024K, 1 young (1024K), 0 survivors (0K)
 Metaspace       used 62578K, committed 63296K, reserved 1114112K
  class space    used 7347K, committed 7680K, reserved 1048576K
}
Event: 66525.826 GC heap after
{Heap after GC invocations=6375 (full 6359):
 garbage-first heap   total 91136K, used 34914K [0x00000000c0000000, 0x0000000100000000)
  region size 1024K, 0 young (0K), 0 survivors (0K)
 Metaspace       used 62578K, committed 63296K, reserved 1114112K
  class space    used 7347K, committed 7680K, reserved 1048576K
}
Event: 66536.099 GC heap before
{Heap before GC invocations=6375 (full 6359):
 garbage-first heap   total 91136K, used 34914K [0x00000000c0000000, 0x0000000100000000)
  region size 1024K, 1 young (1024K), 0 survivors (0K)
 Metaspace       used 62578K, committed 63296K, reserved 1114112K
  class space    used 7347K, committed 7680K, reserved 1048576K
}
Event: 66536.138 GC heap after
{Heap after GC invocations=6376 (full 6360):
 garbage-first heap   total 91136K, used 34914K [0x00000000c0000000, 0x0000000100000000)
  region size 1024K, 0 young (0K), 0 survivors (0K)
 Metaspace       used 62578K, committed 63296K, reserved 1114112K
  class space    used 7347K, committed 7680K, reserved 1048576K
}
Event: 66546.406 GC heap before
{Heap before GC invocations=6376 (full 6360):
 garbage-first heap   total 91136K, used 34914K [0x00000000c0000000, 0x0000000100000000)
  region size 1024K, 1 young (1024K), 0 survivors (0K)
 Metaspace       used 62578K, committed 63296K, reserved 1114112K
  class space    used 7347K, committed 7680K, reserved 1048576K
}
Event: 66546.441 GC heap after
{Heap after GC invocations=6377 (full 6361):
 garbage-first heap   total 91136K, used 34914K [0x00000000c0000000, 0x0000000100000000)
  region size 1024K, 0 young (0K), 0 survivors (0K)
 Metaspace       used 62578K, committed 63296K, reserved 1114112K
  class space    used 7347K, committed 7680K, reserved 1048576K
}
Event: 66556.732 GC heap before
{Heap before GC invocations=6377 (full 6361):
 garbage-first heap   total 91136K, used 34914K [0x00000000c0000000, 0x0000000100000000)
  region size 1024K, 1 young (1024K), 0 survivors (0K)
 Metaspace       used 62578K, committed 63296K, reserved 1114112K
  class space    used 7347K, committed 7680K, reserved 1048576K
}
Event: 66556.774 GC heap after
{Heap after GC invocations=6378 (full 6362):
 garbage-first heap   total 91136K, used 34914K [0x00000000c0000000, 0x0000000100000000)
  region size 1024K, 0 young (0K), 0 survivors (0K)
 Metaspace       used 62578K, committed 63296K, reserved 1114112K
  class space    used 7347K, committed 7680K, reserved 1048576K
}
Event: 66567.067 GC heap before
{Heap before GC invocations=6378 (full 6362):
 garbage-first heap   total 91136K, used 34914K [0x00000000c0000000, 0x0000000100000000)
  region size 1024K, 1 young (1024K), 0 survivors (0K)
 Metaspace       used 62578K, committed 63296K, reserved 1114112K
  class space    used 7347K, committed 7680K, reserved 1048576K
}
Event: 66567.103 GC heap after
{Heap after GC invocations=6379 (full 6363):
 garbage-first heap   total 91136K, used 34914K [0x00000000c0000000, 0x0000000100000000)
  region size 1024K, 0 young (0K), 0 survivors (0K)
 Metaspace       used 62578K, committed 63296K, reserved 1114112K
  class space    used 7347K, committed 7680K, reserved 1048576K
}
Event: 66577.432 GC heap before
{Heap before GC invocations=6379 (full 6363):
 garbage-first heap   total 91136K, used 34914K [0x00000000c0000000, 0x0000000100000000)
  region size 1024K, 1 young (1024K), 0 survivors (0K)
 Metaspace       used 62578K, committed 63296K, reserved 1114112K
  class space    used 7347K, committed 7680K, reserved 1048576K
}
Event: 66577.473 GC heap after
{Heap after GC invocations=6380 (full 6364):
 garbage-first heap   total 91136K, used 34914K [0x00000000c0000000, 0x0000000100000000)
  region size 1024K, 0 young (0K), 0 survivors (0K)
 Metaspace       used 62578K, committed 63296K, reserved 1114112K
  class space    used 7347K, committed 7680K, reserved 1048576K
}
Event: 66587.846 GC heap before
{Heap before GC invocations=6380 (full 6364):
 garbage-first heap   total 91136K, used 34914K [0x00000000c0000000, 0x0000000100000000)
  region size 1024K, 1 young (1024K), 0 survivors (0K)
 Metaspace       used 62578K, committed 63296K, reserved 1114112K
  class space    used 7347K, committed 7680K, reserved 1048576K
}
Event: 66587.881 GC heap after
{Heap after GC invocations=6381 (full 6365):
 garbage-first heap   total 91136K, used 34914K [0x00000000c0000000, 0x0000000100000000)
  region size 1024K, 0 young (0K), 0 survivors (0K)
 Metaspace       used 62578K, committed 63296K, reserved 1114112K
  class space    used 7347K, committed 7680K, reserved 1048576K
}
Event: 66597.928 GC heap before
{Heap before GC invocations=6381 (full 6365):
 garbage-first heap   total 91136K, used 34914K [0x00000000c0000000, 0x0000000100000000)
  region size 1024K, 1 young (1024K), 0 survivors (0K)
 Metaspace       used 62578K, committed 63296K, reserved 1114112K
  class space    used 7347K, committed 7680K, reserved 1048576K
}

