# JRE version: OpenJDK Runtime Environment Temurin-21.0.3+9 (21.0.3+9) (build 21.0.3+9-LTS)
# Java VM: OpenJDK 64-Bit Server VM Temurin-21.0.3+9 (21.0.3+9-LTS, mixed mode, emulated-client, tiered, compressed oops, compressed class ptrs, g1 gc, windows-amd64)
GC Precious Log:
 CardTable entry size: 512
 Card Set container configuration: InlinePtr #cards 5 size 8 Array Of Cards #cards 12 size 40 Howl #buckets 4 coarsen threshold 1843 Howl Bitmap #cards 512 size 80 coarsen threshold 460 Card regions per heap region 1 cards per card region 2048
 CPUs: 4 total, 4 available
 Memory: 16080M
 Large Page Support: Disabled
 NUMA Support: Disabled
 Compressed Oops: Enabled (32-bit)
 Heap Region Size: 1M
 Heap Min Capacity: 8M
 Heap Initial Capacity: 252M
 Heap Max Capacity: 1G
 Pre-touch: Disabled
 Parallel Workers: 4
 Concurrent Workers: 1
 Concurrent Refinement Workers: 4
 Periodic GC: Disabled
Heap:
 garbage-first heap   total 83968K, used 35102K [0x00000000c0000000, 0x0000000100000000)
  region size 1024K, 1 young (1024K), 0 survivors (0K)
 Metaspace       used 62525K, committed 63552K, reserved 1114112K
  class space    used 7334K, committed 7744K, reserved 1048576K
GC Heap History (20 events):
Event: 626726.031 GC heap after
{Heap after GC invocations=60744 (full 60722):
 garbage-first heap   total 83968K, used 35102K [0x00000000c0000000, 0x0000000100000000)
  region size 1024K, 0 young (0K), 0 survivors (0K)
 Metaspace       used 62525K, committed 63552K, reserved 1114112K
  class space    used 7334K, committed 7744K, reserved 1048576K
}
Event: 626736.303 GC heap before
{Heap before GC invocations=60744 (full 60722):
 garbage-first heap   total 83968K, used 35102K [0x00000000c0000000, 0x0000000100000000)
  region size 1024K, 1 young (1024K), 0 survivors (0K)
 Metaspace       used 62525K, committed 63552K, reserved 1114112K
  class space    used 7334K, committed 7744K, reserved 1048576K
}
Event: 626736.331 GC heap after
{Heap after GC invocations=60745 (full 60723):
 garbage-first heap   total 83968K, used 35102K [0x00000000c0000000, 0x0000000100000000)
  region size 1024K, 0 young (0K), 0 survivors (0K)
 Metaspace       used 62525K, committed 63552K, reserved 1114112K
  class space    used 7334K, committed 7744K, reserved 1048576K
}
Event: 626746.621 GC heap before
{Heap before GC invocations=60745 (full 60723):
 garbage-first heap   total 83968K, used 35102K [0x00000000c0000000, 0x0000000100000000)
  region size 1024K, 1 young (1024K), 0 survivors (0K)
 Metaspace       used 62525K, committed 63552K, reserved 1114112K
  class space    used 7334K, committed 7744K, reserved 1048576K
}
Event: 626746.653 GC heap after
{Heap after GC invocations=60746 (full 60724):
 garbage-first heap   total 83968K, used 35102K [0x00000000c0000000, 0x0000000100000000)
  region size 1024K, 0 young (0K), 0 survivors (0K)
 Metaspace       used 62525K, committed 63552K, reserved 1114112K
  class space    used 7334K, committed 7744K, reserved 1048576K
}
Event: 626756.956 GC heap before
{Heap before GC invocations=60746 (full 60724):
 garbage-first heap   total 83968K, used 35102K [0x00000000c0000000, 0x0000000100000000)
  region size 1024K, 1 young (1024K), 0 survivors (0K)
 Metaspace       used 62525K, committed 63552K, reserved 1114112K
  class space    used 7334K, committed 7744K, reserved 1048576K
}
Event: 626756.985 GC heap after
{Heap after GC invocations=60747 (full 60725):
 garbage-first heap   total 83968K, used 35102K [0x00000000c0000000, 0x0000000100000000)
  region size 1024K, 0 young (0K), 0 survivors (0K)
 Metaspace       used 62525K, committed 63552K, reserved 1114112K
  class space    used 7334K, committed 7744K, reserved 1048576K
}
Event: 626767.274 GC heap before
{Heap before GC invocations=60747 (full 60725):
 garbage-first heap   total 83968K, used 35102K [0x00000000c0000000, 0x0000000100000000)
  region size 1024K, 1 young (1024K), 0 survivors (0K)
 Metaspace       used 62525K, committed 63552K, reserved 1114112K
  class space    used 7334K, committed 7744K, reserved 1048576K
}
Event: 626767.305 GC heap after
{Heap after GC invocations=60748 (full 60726):
 garbage-first heap   total 83968K, used 35102K [0x00000000c0000000, 0x0000000100000000)
  region size 1024K, 0 young (0K), 0 survivors (0K)
 Metaspace       used 62525K, committed 63552K, reserved 1114112K
  class space    used 7334K, committed 7744K, reserved 1048576K
}
Event: 626777.623 GC heap before
{Heap before GC invocations=60748 (full 60726):
 garbage-first heap   total 83968K, used 35102K [0x00000000c0000000, 0x0000000100000000)
  region size 1024K, 1 young (1024K), 0 survivors (0K)
 Metaspace       used 62525K, committed 63552K, reserved 1114112K
  class space    used 7334K, committed 7744K, reserved 1048576K
}
Event: 626777.657 GC heap after
{Heap after GC invocations=60749 (full 60727):
 garbage-first heap   total 83968K, used 35102K [0x00000000c0000000, 0x0000000100000000)
  region size 1024K, 0 young (0K), 0 survivors (0K)
 Metaspace       used 62525K, committed 63552K, reserved 1114112K
  class space    used 7334K, committed 7744K, reserved 1048576K
}
Event: 626787.998 GC heap before
{Heap before GC invocations=60749 (full 60727):
 garbage-first heap   total 83968K, used 35102K [0x00000000c0000000, 0x0000000100000000)
  region size 1024K, 1 young (1024K), 0 survivors (0K)
 Metaspace       used 62525K, committed 63552K, reserved 1114112K
  class space    used 7334K, committed 7744K, reserved 1048576K
}
Event: 626788.032 GC heap after
{Heap after GC invocations=60750 (full 60728):
 garbage-first heap   total 83968K, used 35102K [0x00000000c0000000, 0x0000000100000000)
  region size 1024K, 0 young (0K), 0 survivors (0K)
 Metaspace       used 62525K, committed 63552K, reserved 1114112K
  class space    used 7334K, committed 7744K, reserved 1048576K
}
Event: 626798.388 GC heap before
{Heap before GC invocations=60750 (full 60728):
 garbage-first heap   total 83968K, used 35102K [0x00000000c0000000, 0x0000000100000000)
  region size 1024K, 1 young (1024K), 0 survivors (0K)
 Metaspace       used 62525K, committed 63552K, reserved 1114112K
  class space    used 7334K, committed 7744K, reserved 1048576K
}
Event: 626798.420 GC heap after
{Heap after GC invocations=60751 (full 60729):
 garbage-first heap   total 83968K, used 35102K [0x00000000c0000000, 0x0000000100000000)
  region size 1024K, 0 young (0K), 0 survivors (0K)
 Metaspace       used 62525K, committed 63552K, reserved 1114112K
  class space    used 7334K, committed 7744K, reserved 1048576K
}
Event: 626808.743 GC heap before
{Heap before GC invocations=60751 (full 60729):
 garbage-first heap   total 83968K, used 35102K [0x00000000c0000000, 0x0000000100000000)
  region size 1024K, 1 young (1024K), 0 survivors (0K)
 Metaspace       used 62525K, committed 63552K, reserved 1114112K
  class space    used 7334K, committed 7744K, reserved 1048576K
}
Event: 626808.776 GC heap after
{Heap after GC invocations=60752 (full 60730):
 garbage-first heap   total 83968K, used 35102K [0x00000000c0000000, 0x0000000100000000)
  region size 1024K, 0 young (0K), 0 survivors (0K)
 Metaspace       used 62525K, committed 63552K, reserved 1114112K
  class space    used 7334K, committed 7744K, reserved 1048576K
}
Event: 626819.107 GC heap before
{Heap before GC invocations=60752 (full 60730):
 garbage-first heap   total 83968K, used 35102K [0x00000000c0000000, 0x0000000100000000)
  region size 1024K, 1 young (1024K), 0 survivors (0K)
 Metaspace       used 62525K, committed 63552K, reserved 1114112K
  class space    used 7334K, committed 7744K, reserved 1048576K
}
Event: 626819.140 GC heap after
{Heap after GC invocations=60753 (full 60731):
 garbage-first heap   total 83968K, used 35102K [0x00000000c0000000, 0x0000000100000000)
  region size 1024K, 0 young (0K), 0 survivors (0K)
 Metaspace       used 62525K, committed 63552K, reserved 1114112K
  class space    used 7334K, committed 7744K, reserved 1048576K
}
Event: 626829.183 GC heap before
{Heap before GC invocations=60753 (full 60731):
 garbage-first heap   total 83968K, used 35102K [0x00000000c0000000, 0x0000000100000000)
  region size 1024K, 1 young (1024K), 0 survivors (0K)
 Metaspace       used 62525K, committed 63552K, reserved 1114112K
  class space    used 7334K, committed 7744K, reserved 1048576K
}

