# JRE version: OpenJDK Runtime Environment Temurin-21.0.3+9 (21.0.3+9) (build 21.0.3+9-LTS)
# Java VM: OpenJDK 64-Bit Server VM Temurin-21.0.3+9 (21.0.3+9-LTS, mixed mode, emulated-client, tiered, compressed oops, compressed class ptrs, g1 gc, windows-amd64)
GC Precious Log:
 CardTable entry size: 512
 Card Set container configuration: InlinePtr #cards 5 size 8 Array Of Cards #cards 12 size 40 Howl #buckets 4 coarsen threshold 1843 Howl Bitmap #cards 512 size 80 coarsen threshold 460 Card regions per heap region 1 cards per card region 2048
 CPUs: 4 total, 4 available
 Memory: 16176M
 Large Page Support: Disabled
 NUMA Support: Disabled
 Compressed Oops: Enabled (32-bit)
 Heap Region Size: 1M
 Heap Min Capacity: 8M
 Heap Initial Capacity: 254M
 Heap Max Capacity: 1G
 Pre-touch: Disabled
 Parallel Workers: 4
 Concurrent Workers: 1
 Concurrent Refinement Workers: 4
 Periodic GC: Disabled
Heap:
 garbage-first heap   total 91136K, used 33807K [0x00000000c0000000, 0x0000000100000000)
  region size 1024K, 1 young (1024K), 0 survivors (0K)
 Metaspace       used 62245K, committed 62976K, reserved 1114112K
  class space    used 7306K, committed 7680K, reserved 1048576K
GC Heap History (20 events):
Event: 5581.216 GC heap after
{Heap after GC invocations=414 (full 399):
 garbage-first heap   total 91136K, used 33807K [0x00000000c0000000, 0x0000000100000000)
  region size 1024K, 0 young (0K), 0 survivors (0K)
 Metaspace       used 62245K, committed 62976K, reserved 1114112K
  class space    used 7306K, committed 7680K, reserved 1048576K
}
Event: 5592.097 GC heap before
{Heap before GC invocations=414 (full 399):
 garbage-first heap   total 91136K, used 33807K [0x00000000c0000000, 0x0000000100000000)
  region size 1024K, 1 young (1024K), 0 survivors (0K)
 Metaspace       used 62245K, committed 62976K, reserved 1114112K
  class space    used 7306K, committed 7680K, reserved 1048576K
}
Event: 5592.154 GC heap after
{Heap after GC invocations=415 (full 400):
 garbage-first heap   total 91136K, used 33807K [0x00000000c0000000, 0x0000000100000000)
  region size 1024K, 0 young (0K), 0 survivors (0K)
 Metaspace       used 62245K, committed 62976K, reserved 1114112K
  class space    used 7306K, committed 7680K, reserved 1048576K
}
Event: 5602.794 GC heap before
{Heap before GC invocations=415 (full 400):
 garbage-first heap   total 91136K, used 33807K [0x00000000c0000000, 0x0000000100000000)
  region size 1024K, 1 young (1024K), 0 survivors (0K)
 Metaspace       used 62245K, committed 62976K, reserved 1114112K
  class space    used 7306K, committed 7680K, reserved 1048576K
}
Event: 5602.842 GC heap after
{Heap after GC invocations=416 (full 401):
 garbage-first heap   total 91136K, used 33807K [0x00000000c0000000, 0x0000000100000000)
  region size 1024K, 0 young (0K), 0 survivors (0K)
 Metaspace       used 62245K, committed 62976K, reserved 1114112K
  class space    used 7306K, committed 7680K, reserved 1048576K
}
Event: 5613.592 GC heap before
{Heap before GC invocations=416 (full 401):
 garbage-first heap   total 91136K, used 33807K [0x00000000c0000000, 0x0000000100000000)
  region size 1024K, 1 young (1024K), 0 survivors (0K)
 Metaspace       used 62245K, committed 62976K, reserved 1114112K
  class space    used 7306K, committed 7680K, reserved 1048576K
}
Event: 5613.664 GC heap after
{Heap after GC invocations=417 (full 402):
 garbage-first heap   total 91136K, used 33807K [0x00000000c0000000, 0x0000000100000000)
  region size 1024K, 0 young (0K), 0 survivors (0K)
 Metaspace       used 62245K, committed 62976K, reserved 1114112K
  class space    used 7306K, committed 7680K, reserved 1048576K
}
Event: 5624.430 GC heap before
{Heap before GC invocations=417 (full 402):
 garbage-first heap   total 91136K, used 33807K [0x00000000c0000000, 0x0000000100000000)
  region size 1024K, 1 young (1024K), 0 survivors (0K)
 Metaspace       used 62245K, committed 62976K, reserved 1114112K
  class space    used 7306K, committed 7680K, reserved 1048576K
}
Event: 5624.473 GC heap after
{Heap after GC invocations=418 (full 403):
 garbage-first heap   total 91136K, used 33807K [0x00000000c0000000, 0x0000000100000000)
  region size 1024K, 0 young (0K), 0 survivors (0K)
 Metaspace       used 62245K, committed 62976K, reserved 1114112K
  class space    used 7306K, committed 7680K, reserved 1048576K
}
Event: 5635.362 GC heap before
{Heap before GC invocations=418 (full 403):
 garbage-first heap   total 91136K, used 33807K [0x00000000c0000000, 0x0000000100000000)
  region size 1024K, 1 young (1024K), 0 survivors (0K)
 Metaspace       used 62245K, committed 62976K, reserved 1114112K
  class space    used 7306K, committed 7680K, reserved 1048576K
}
Event: 5635.403 GC heap after
{Heap after GC invocations=419 (full 404):
 garbage-first heap   total 91136K, used 33807K [0x00000000c0000000, 0x0000000100000000)
  region size 1024K, 0 young (0K), 0 survivors (0K)
 Metaspace       used 62245K, committed 62976K, reserved 1114112K
  class space    used 7306K, committed 7680K, reserved 1048576K
}
Event: 5646.176 GC heap before
{Heap before GC invocations=419 (full 404):
 garbage-first heap   total 91136K, used 33807K [0x00000000c0000000, 0x0000000100000000)
  region size 1024K, 1 young (1024K), 0 survivors (0K)
 Metaspace       used 62245K, committed 62976K, reserved 1114112K
  class space    used 7306K, committed 7680K, reserved 1048576K
}
Event: 5646.222 GC heap after
{Heap after GC invocations=420 (full 405):
 garbage-first heap   total 91136K, used 33807K [0x00000000c0000000, 0x0000000100000000)
  region size 1024K, 0 young (0K), 0 survivors (0K)
 Metaspace       used 62245K, committed 62976K, reserved 1114112K
  class space    used 7306K, committed 7680K, reserved 1048576K
}
Event: 5656.970 GC heap before
{Heap before GC invocations=420 (full 405):
 garbage-first heap   total 91136K, used 33807K [0x00000000c0000000, 0x0000000100000000)
  region size 1024K, 1 young (1024K), 0 survivors (0K)
 Metaspace       used 62245K, committed 62976K, reserved 1114112K
  class space    used 7306K, committed 7680K, reserved 1048576K
}
Event: 5657.021 GC heap after
{Heap after GC invocations=421 (full 406):
 garbage-first heap   total 91136K, used 33807K [0x00000000c0000000, 0x0000000100000000)
  region size 1024K, 0 young (0K), 0 survivors (0K)
 Metaspace       used 62245K, committed 62976K, reserved 1114112K
  class space    used 7306K, committed 7680K, reserved 1048576K
}
Event: 5667.736 GC heap before
{Heap before GC invocations=421 (full 406):
 garbage-first heap   total 91136K, used 33807K [0x00000000c0000000, 0x0000000100000000)
  region size 1024K, 1 young (1024K), 0 survivors (0K)
 Metaspace       used 62245K, committed 62976K, reserved 1114112K
  class space    used 7306K, committed 7680K, reserved 1048576K
}
Event: 5667.780 GC heap after
{Heap after GC invocations=422 (full 407):
 garbage-first heap   total 91136K, used 33807K [0x00000000c0000000, 0x0000000100000000)
  region size 1024K, 0 young (0K), 0 survivors (0K)
 Metaspace       used 62245K, committed 62976K, reserved 1114112K
  class space    used 7306K, committed 7680K, reserved 1048576K
}
Event: 5678.462 GC heap before
{Heap before GC invocations=422 (full 407):
 garbage-first heap   total 91136K, used 33807K [0x00000000c0000000, 0x0000000100000000)
  region size 1024K, 1 young (1024K), 0 survivors (0K)
 Metaspace       used 62245K, committed 62976K, reserved 1114112K
  class space    used 7306K, committed 7680K, reserved 1048576K
}
Event: 5678.503 GC heap after
{Heap after GC invocations=423 (full 408):
 garbage-first heap   total 91136K, used 33807K [0x00000000c0000000, 0x0000000100000000)
  region size 1024K, 0 young (0K), 0 survivors (0K)
 Metaspace       used 62245K, committed 62976K, reserved 1114112K
  class space    used 7306K, committed 7680K, reserved 1048576K
}
Event: 5688.618 GC heap before
{Heap before GC invocations=423 (full 408):
 garbage-first heap   total 91136K, used 33807K [0x00000000c0000000, 0x0000000100000000)
  region size 1024K, 1 young (1024K), 0 survivors (0K)
 Metaspace       used 62245K, committed 62976K, reserved 1114112K
  class space    used 7306K, committed 7680K, reserved 1048576K
}

