# JRE version: OpenJDK Runtime Environment Temurin-21.0.3+9 (21.0.3+9) (build 21.0.3+9-LTS)
# Java VM: OpenJDK 64-Bit Server VM Temurin-21.0.3+9 (21.0.3+9-LTS, mixed mode, emulated-client, tiered, compressed oops, compressed class ptrs, g1 gc, windows-amd64)
GC Precious Log:
 CardTable entry size: 512
 Card Set container configuration: InlinePtr #cards 5 size 8 Array Of Cards #cards 12 size 40 Howl #buckets 4 coarsen threshold 1843 Howl Bitmap #cards 512 size 80 coarsen threshold 460 Card regions per heap region 1 cards per card region 2048
 CPUs: 4 total, 4 available
 Memory: 16176M
 Large Page Support: Disabled
 NUMA Support: Disabled
 Compressed Oops: Enabled (32-bit)
 Heap Region Size: 1M
 Heap Min Capacity: 8M
 Heap Initial Capacity: 254M
 Heap Max Capacity: 1G
 Pre-touch: Disabled
 Parallel Workers: 4
 Concurrent Workers: 1
 Concurrent Refinement Workers: 4
 Periodic GC: Disabled
Heap:
 garbage-first heap   total 94208K, used 44146K [0x00000000c0000000, 0x0000000100000000)
  region size 1024K, 6 young (6144K), 2 survivors (2048K)
 Metaspace       used 60457K, committed 61120K, reserved 1114112K
  class space    used 7115K, committed 7424K, reserved 1048576K
GC Heap History (20 events):
Event: 15.665 GC heap before
{Heap before GC invocations=1 (full 0):
 garbage-first heap   total 260096K, used 22641K [0x00000000c0000000, 0x0000000100000000)
  region size 1024K, 12 young (12288K), 2 survivors (2048K)
 Metaspace       used 9519K, committed 9728K, reserved 1114112K
  class space    used 894K, committed 1024K, reserved 1048576K
}
Event: 15.670 GC heap after
{Heap after GC invocations=2 (full 0):
 garbage-first heap   total 260096K, used 15738K [0x00000000c0000000, 0x0000000100000000)
  region size 1024K, 2 young (2048K), 2 survivors (2048K)
 Metaspace       used 9519K, committed 9728K, reserved 1114112K
  class space    used 894K, committed 1024K, reserved 1048576K
}
Event: 16.687 GC heap before
{Heap before GC invocations=2 (full 0):
 garbage-first heap   total 260096K, used 41338K [0x00000000c0000000, 0x0000000100000000)
  region size 1024K, 27 young (27648K), 2 survivors (2048K)
 Metaspace       used 16381K, committed 16576K, reserved 1114112K
  class space    used 1825K, committed 1920K, reserved 1048576K
}
Event: 16.692 GC heap after
{Heap after GC invocations=3 (full 0):
 garbage-first heap   total 260096K, used 17540K [0x00000000c0000000, 0x0000000100000000)
  region size 1024K, 4 young (4096K), 4 survivors (4096K)
 Metaspace       used 16381K, committed 16576K, reserved 1114112K
  class space    used 1825K, committed 1920K, reserved 1048576K
}
Event: 17.253 GC heap before
{Heap before GC invocations=3 (full 0):
 garbage-first heap   total 260096K, used 36996K [0x00000000c0000000, 0x0000000100000000)
  region size 1024K, 25 young (25600K), 4 survivors (4096K)
 Metaspace       used 21238K, committed 21504K, reserved 1114112K
  class space    used 2398K, committed 2560K, reserved 1048576K
}
Event: 17.261 GC heap after
{Heap after GC invocations=4 (full 0):
 garbage-first heap   total 260096K, used 19756K [0x00000000c0000000, 0x0000000100000000)
  region size 1024K, 6 young (6144K), 6 survivors (6144K)
 Metaspace       used 21238K, committed 21504K, reserved 1114112K
  class space    used 2398K, committed 2560K, reserved 1048576K
}
Event: 17.876 GC heap before
{Heap before GC invocations=5 (full 0):
 garbage-first heap   total 75776K, used 57644K [0x00000000c0000000, 0x0000000100000000)
  region size 1024K, 44 young (45056K), 6 survivors (6144K)
 Metaspace       used 29925K, committed 30208K, reserved 1114112K
  class space    used 3445K, committed 3584K, reserved 1048576K
}
Event: 17.900 GC heap after
{Heap after GC invocations=6 (full 0):
 garbage-first heap   total 75776K, used 22539K [0x00000000c0000000, 0x0000000100000000)
  region size 1024K, 5 young (5120K), 5 survivors (5120K)
 Metaspace       used 29925K, committed 30208K, reserved 1114112K
  class space    used 3445K, committed 3584K, reserved 1048576K
}
Event: 21.316 GC heap before
{Heap before GC invocations=6 (full 0):
 garbage-first heap   total 75776K, used 57355K [0x00000000c0000000, 0x0000000100000000)
  region size 1024K, 39 young (39936K), 5 survivors (5120K)
 Metaspace       used 34892K, committed 35392K, reserved 1114112K
  class space    used 4109K, committed 4352K, reserved 1048576K
}
Event: 21.342 GC heap after
{Heap after GC invocations=7 (full 0):
 garbage-first heap   total 75776K, used 25521K [0x00000000c0000000, 0x0000000100000000)
  region size 1024K, 3 young (3072K), 3 survivors (3072K)
 Metaspace       used 34892K, committed 35392K, reserved 1114112K
  class space    used 4109K, committed 4352K, reserved 1048576K
}
Event: 21.885 GC heap before
{Heap before GC invocations=7 (full 0):
 garbage-first heap   total 75776K, used 33713K [0x00000000c0000000, 0x0000000100000000)
  region size 1024K, 13 young (13312K), 3 survivors (3072K)
 Metaspace       used 35700K, committed 36096K, reserved 1114112K
  class space    used 4229K, committed 4416K, reserved 1048576K
}
Event: 21.894 GC heap after
{Heap after GC invocations=8 (full 0):
 garbage-first heap   total 75776K, used 26624K [0x00000000c0000000, 0x0000000100000000)
  region size 1024K, 4 young (4096K), 4 survivors (4096K)
 Metaspace       used 35700K, committed 36096K, reserved 1114112K
  class space    used 4229K, committed 4416K, reserved 1048576K
}
Event: 26.998 GC heap before
{Heap before GC invocations=9 (full 0):
 garbage-first heap   total 75776K, used 63488K [0x00000000c0000000, 0x0000000100000000)
  region size 1024K, 40 young (40960K), 4 survivors (4096K)
 Metaspace       used 42062K, committed 42752K, reserved 1114112K
  class space    used 5197K, committed 5504K, reserved 1048576K
}
Event: 27.012 GC heap after
{Heap after GC invocations=10 (full 0):
 garbage-first heap   total 75776K, used 30232K [0x00000000c0000000, 0x0000000100000000)
  region size 1024K, 5 young (5120K), 5 survivors (5120K)
 Metaspace       used 42062K, committed 42752K, reserved 1114112K
  class space    used 5197K, committed 5504K, reserved 1048576K
}
Event: 28.613 GC heap before
{Heap before GC invocations=10 (full 0):
 garbage-first heap   total 75776K, used 64024K [0x00000000c0000000, 0x0000000100000000)
  region size 1024K, 38 young (38912K), 5 survivors (5120K)
 Metaspace       used 48386K, committed 49088K, reserved 1114112K
  class space    used 5835K, committed 6144K, reserved 1048576K
}
Event: 28.630 GC heap after
{Heap after GC invocations=11 (full 0):
 garbage-first heap   total 75776K, used 32364K [0x00000000c0000000, 0x0000000100000000)
  region size 1024K, 3 young (3072K), 3 survivors (3072K)
 Metaspace       used 48386K, committed 49088K, reserved 1114112K
  class space    used 5835K, committed 6144K, reserved 1048576K
}
Event: 29.206 GC heap before
{Heap before GC invocations=11 (full 0):
 garbage-first heap   total 75776K, used 67180K [0x00000000c0000000, 0x0000000100000000)
  region size 1024K, 35 young (35840K), 3 survivors (3072K)
 Metaspace       used 53862K, committed 54528K, reserved 1114112K
  class space    used 6359K, committed 6656K, reserved 1048576K
}
Event: 29.214 GC heap after
{Heap after GC invocations=12 (full 0):
 garbage-first heap   total 75776K, used 38912K [0x00000000c0000000, 0x0000000100000000)
  region size 1024K, 5 young (5120K), 5 survivors (5120K)
 Metaspace       used 53862K, committed 54528K, reserved 1114112K
  class space    used 6359K, committed 6656K, reserved 1048576K
}
Event: 29.781 GC heap before
{Heap before GC invocations=12 (full 0):
 garbage-first heap   total 75776K, used 62464K [0x00000000c0000000, 0x0000000100000000)
  region size 1024K, 29 young (29696K), 5 survivors (5120K)
 Metaspace       used 59806K, committed 60416K, reserved 1114112K
  class space    used 7036K, committed 7296K, reserved 1048576K
}
Event: 29.791 GC heap after
{Heap after GC invocations=13 (full 0):
 garbage-first heap   total 94208K, used 41074K [0x00000000c0000000, 0x0000000100000000)
  region size 1024K, 2 young (2048K), 2 survivors (2048K)
 Metaspace       used 59806K, committed 60416K, reserved 1114112K
  class space    used 7036K, committed 7296K, reserved 1048576K
}

