# JRE version: OpenJDK Runtime Environment Temurin-21.0.3+9 (21.0.3+9) (build 21.0.3+9-LTS)
# Java VM: OpenJDK 64-Bit Server VM Temurin-21.0.3+9 (21.0.3+9-LTS, mixed mode, emulated-client, tiered, compressed oops, compressed class ptrs, g1 gc, windows-amd64)
GC Precious Log:
 CardTable entry size: 512
 Card Set container configuration: InlinePtr #cards 5 size 8 Array Of Cards #cards 12 size 40 Howl #buckets 4 coarsen threshold 1843 Howl Bitmap #cards 512 size 80 coarsen threshold 460 Card regions per heap region 1 cards per card region 2048
 CPUs: 4 total, 4 available
 Memory: 16080M
 Large Page Support: Disabled
 NUMA Support: Disabled
 Compressed Oops: Enabled (32-bit)
 Heap Region Size: 1M
 Heap Min Capacity: 8M
 Heap Initial Capacity: 252M
 Heap Max Capacity: 1G
 Pre-touch: Disabled
 Parallel Workers: 4
 Concurrent Workers: 1
 Concurrent Refinement Workers: 4
 Periodic GC: Disabled
Heap:
 garbage-first heap   total 80896K, used 34783K [0x00000000c0000000, 0x0000000100000000)
  region size 1024K, 1 young (1024K), 0 survivors (0K)
 Metaspace       used 62493K, committed 63488K, reserved 1114112K
  class space    used 7328K, committed 7744K, reserved 1048576K
GC Heap History (20 events):
Event: 224445.315 GC heap after
{Heap after GC invocations=21253 (full 21223):
 garbage-first heap   total 80896K, used 34783K [0x00000000c0000000, 0x0000000100000000)
  region size 1024K, 0 young (0K), 0 survivors (0K)
 Metaspace       used 62493K, committed 63488K, reserved 1114112K
  class space    used 7328K, committed 7744K, reserved 1048576K
}
Event: 224455.782 GC heap before
{Heap before GC invocations=21253 (full 21223):
 garbage-first heap   total 80896K, used 34783K [0x00000000c0000000, 0x0000000100000000)
  region size 1024K, 1 young (1024K), 0 survivors (0K)
 Metaspace       used 62493K, committed 63488K, reserved 1114112K
  class space    used 7328K, committed 7744K, reserved 1048576K
}
Event: 224455.820 GC heap after
{Heap after GC invocations=21254 (full 21224):
 garbage-first heap   total 80896K, used 34783K [0x00000000c0000000, 0x0000000100000000)
  region size 1024K, 0 young (0K), 0 survivors (0K)
 Metaspace       used 62493K, committed 63488K, reserved 1114112K
  class space    used 7328K, committed 7744K, reserved 1048576K
}
Event: 224466.311 GC heap before
{Heap before GC invocations=21254 (full 21224):
 garbage-first heap   total 80896K, used 34783K [0x00000000c0000000, 0x0000000100000000)
  region size 1024K, 1 young (1024K), 0 survivors (0K)
 Metaspace       used 62493K, committed 63488K, reserved 1114112K
  class space    used 7328K, committed 7744K, reserved 1048576K
}
Event: 224466.348 GC heap after
{Heap after GC invocations=21255 (full 21225):
 garbage-first heap   total 80896K, used 34783K [0x00000000c0000000, 0x0000000100000000)
  region size 1024K, 0 young (0K), 0 survivors (0K)
 Metaspace       used 62493K, committed 63488K, reserved 1114112K
  class space    used 7328K, committed 7744K, reserved 1048576K
}
Event: 224476.812 GC heap before
{Heap before GC invocations=21255 (full 21225):
 garbage-first heap   total 80896K, used 34783K [0x00000000c0000000, 0x0000000100000000)
  region size 1024K, 1 young (1024K), 0 survivors (0K)
 Metaspace       used 62493K, committed 63488K, reserved 1114112K
  class space    used 7328K, committed 7744K, reserved 1048576K
}
Event: 224476.847 GC heap after
{Heap after GC invocations=21256 (full 21226):
 garbage-first heap   total 80896K, used 34783K [0x00000000c0000000, 0x0000000100000000)
  region size 1024K, 0 young (0K), 0 survivors (0K)
 Metaspace       used 62493K, committed 63488K, reserved 1114112K
  class space    used 7328K, committed 7744K, reserved 1048576K
}
Event: 224487.310 GC heap before
{Heap before GC invocations=21256 (full 21226):
 garbage-first heap   total 80896K, used 34783K [0x00000000c0000000, 0x0000000100000000)
  region size 1024K, 1 young (1024K), 0 survivors (0K)
 Metaspace       used 62493K, committed 63488K, reserved 1114112K
  class space    used 7328K, committed 7744K, reserved 1048576K
}
Event: 224487.347 GC heap after
{Heap after GC invocations=21257 (full 21227):
 garbage-first heap   total 80896K, used 34783K [0x00000000c0000000, 0x0000000100000000)
  region size 1024K, 0 young (0K), 0 survivors (0K)
 Metaspace       used 62493K, committed 63488K, reserved 1114112K
  class space    used 7328K, committed 7744K, reserved 1048576K
}
Event: 224497.793 GC heap before
{Heap before GC invocations=21257 (full 21227):
 garbage-first heap   total 80896K, used 34783K [0x00000000c0000000, 0x0000000100000000)
  region size 1024K, 1 young (1024K), 0 survivors (0K)
 Metaspace       used 62493K, committed 63488K, reserved 1114112K
  class space    used 7328K, committed 7744K, reserved 1048576K
}
Event: 224497.830 GC heap after
{Heap after GC invocations=21258 (full 21228):
 garbage-first heap   total 80896K, used 34783K [0x00000000c0000000, 0x0000000100000000)
  region size 1024K, 0 young (0K), 0 survivors (0K)
 Metaspace       used 62493K, committed 63488K, reserved 1114112K
  class space    used 7328K, committed 7744K, reserved 1048576K
}
Event: 224508.257 GC heap before
{Heap before GC invocations=21258 (full 21228):
 garbage-first heap   total 80896K, used 34783K [0x00000000c0000000, 0x0000000100000000)
  region size 1024K, 1 young (1024K), 0 survivors (0K)
 Metaspace       used 62493K, committed 63488K, reserved 1114112K
  class space    used 7328K, committed 7744K, reserved 1048576K
}
Event: 224508.295 GC heap after
{Heap after GC invocations=21259 (full 21229):
 garbage-first heap   total 80896K, used 34783K [0x00000000c0000000, 0x0000000100000000)
  region size 1024K, 0 young (0K), 0 survivors (0K)
 Metaspace       used 62493K, committed 63488K, reserved 1114112K
  class space    used 7328K, committed 7744K, reserved 1048576K
}
Event: 224518.760 GC heap before
{Heap before GC invocations=21259 (full 21229):
 garbage-first heap   total 80896K, used 34783K [0x00000000c0000000, 0x0000000100000000)
  region size 1024K, 1 young (1024K), 0 survivors (0K)
 Metaspace       used 62493K, committed 63488K, reserved 1114112K
  class space    used 7328K, committed 7744K, reserved 1048576K
}
Event: 224518.799 GC heap after
{Heap after GC invocations=21260 (full 21230):
 garbage-first heap   total 80896K, used 34783K [0x00000000c0000000, 0x0000000100000000)
  region size 1024K, 0 young (0K), 0 survivors (0K)
 Metaspace       used 62493K, committed 63488K, reserved 1114112K
  class space    used 7328K, committed 7744K, reserved 1048576K
}
Event: 224529.362 GC heap before
{Heap before GC invocations=21260 (full 21230):
 garbage-first heap   total 80896K, used 34783K [0x00000000c0000000, 0x0000000100000000)
  region size 1024K, 1 young (1024K), 0 survivors (0K)
 Metaspace       used 62493K, committed 63488K, reserved 1114112K
  class space    used 7328K, committed 7744K, reserved 1048576K
}
Event: 224529.403 GC heap after
{Heap after GC invocations=21261 (full 21231):
 garbage-first heap   total 80896K, used 34783K [0x00000000c0000000, 0x0000000100000000)
  region size 1024K, 0 young (0K), 0 survivors (0K)
 Metaspace       used 62493K, committed 63488K, reserved 1114112K
  class space    used 7328K, committed 7744K, reserved 1048576K
}
Event: 224539.868 GC heap before
{Heap before GC invocations=21261 (full 21231):
 garbage-first heap   total 80896K, used 34783K [0x00000000c0000000, 0x0000000100000000)
  region size 1024K, 1 young (1024K), 0 survivors (0K)
 Metaspace       used 62493K, committed 63488K, reserved 1114112K
  class space    used 7328K, committed 7744K, reserved 1048576K
}
Event: 224539.905 GC heap after
{Heap after GC invocations=21262 (full 21232):
 garbage-first heap   total 80896K, used 34783K [0x00000000c0000000, 0x0000000100000000)
  region size 1024K, 0 young (0K), 0 survivors (0K)
 Metaspace       used 62493K, committed 63488K, reserved 1114112K
  class space    used 7328K, committed 7744K, reserved 1048576K
}
Event: 224550.493 GC heap before
{Heap before GC invocations=21262 (full 21232):
 garbage-first heap   total 80896K, used 34783K [0x00000000c0000000, 0x0000000100000000)
  region size 1024K, 1 young (1024K), 0 survivors (0K)
 Metaspace       used 62493K, committed 63488K, reserved 1114112K
  class space    used 7328K, committed 7744K, reserved 1048576K
}

