# JRE version: OpenJDK Runtime Environment Temurin-21.0.3+9 (21.0.3+9) (build 21.0.3+9-LTS)
# Java VM: OpenJDK 64-Bit Server VM Temurin-21.0.3+9 (21.0.3+9-LTS, mixed mode, emulated-client, tiered, compressed oops, compressed class ptrs, g1 gc, windows-amd64)
GC Precious Log:
 CardTable entry size: 512
 Card Set container configuration: InlinePtr #cards 5 size 8 Array Of Cards #cards 12 size 40 Howl #buckets 4 coarsen threshold 1843 Howl Bitmap #cards 512 size 80 coarsen threshold 460 Card regions per heap region 1 cards per card region 2048
 CPUs: 4 total, 4 available
 Memory: 16176M
 Large Page Support: Disabled
 NUMA Support: Disabled
 Compressed Oops: Enabled (32-bit)
 Heap Region Size: 1M
 Heap Min Capacity: 8M
 Heap Initial Capacity: 254M
 Heap Max Capacity: 1G
 Pre-touch: Disabled
 Parallel Workers: 4
 Concurrent Workers: 1
 Concurrent Refinement Workers: 4
 Periodic GC: Disabled
Heap:
 garbage-first heap   total 91136K, used 33897K [0x00000000c0000000, 0x0000000100000000)
  region size 1024K, 1 young (1024K), 0 survivors (0K)
 Metaspace       used 62146K, committed 62848K, reserved 1114112K
  class space    used 7299K, committed 7616K, reserved 1048576K
GC Heap History (20 events):
Event: 75997.510 GC heap after
{Heap after GC invocations=7163 (full 7149):
 garbage-first heap   total 91136K, used 33897K [0x00000000c0000000, 0x0000000100000000)
  region size 1024K, 0 young (0K), 0 survivors (0K)
 Metaspace       used 62146K, committed 62848K, reserved 1114112K
  class space    used 7299K, committed 7616K, reserved 1048576K
}
Event: 76008.233 GC heap before
{Heap before GC invocations=7163 (full 7149):
 garbage-first heap   total 91136K, used 33897K [0x00000000c0000000, 0x0000000100000000)
  region size 1024K, 1 young (1024K), 0 survivors (0K)
 Metaspace       used 62146K, committed 62848K, reserved 1114112K
  class space    used 7299K, committed 7616K, reserved 1048576K
}
Event: 76008.281 GC heap after
{Heap after GC invocations=7164 (full 7150):
 garbage-first heap   total 91136K, used 33897K [0x00000000c0000000, 0x0000000100000000)
  region size 1024K, 0 young (0K), 0 survivors (0K)
 Metaspace       used 62146K, committed 62848K, reserved 1114112K
  class space    used 7299K, committed 7616K, reserved 1048576K
}
Event: 76019.104 GC heap before
{Heap before GC invocations=7164 (full 7150):
 garbage-first heap   total 91136K, used 33897K [0x00000000c0000000, 0x0000000100000000)
  region size 1024K, 1 young (1024K), 0 survivors (0K)
 Metaspace       used 62146K, committed 62848K, reserved 1114112K
  class space    used 7299K, committed 7616K, reserved 1048576K
}
Event: 76019.156 GC heap after
{Heap after GC invocations=7165 (full 7151):
 garbage-first heap   total 91136K, used 33897K [0x00000000c0000000, 0x0000000100000000)
  region size 1024K, 0 young (0K), 0 survivors (0K)
 Metaspace       used 62146K, committed 62848K, reserved 1114112K
  class space    used 7299K, committed 7616K, reserved 1048576K
}
Event: 76029.805 GC heap before
{Heap before GC invocations=7165 (full 7151):
 garbage-first heap   total 91136K, used 33897K [0x00000000c0000000, 0x0000000100000000)
  region size 1024K, 1 young (1024K), 0 survivors (0K)
 Metaspace       used 62146K, committed 62848K, reserved 1114112K
  class space    used 7299K, committed 7616K, reserved 1048576K
}
Event: 76029.863 GC heap after
{Heap after GC invocations=7166 (full 7152):
 garbage-first heap   total 91136K, used 33897K [0x00000000c0000000, 0x0000000100000000)
  region size 1024K, 0 young (0K), 0 survivors (0K)
 Metaspace       used 62146K, committed 62848K, reserved 1114112K
  class space    used 7299K, committed 7616K, reserved 1048576K
}
Event: 76040.520 GC heap before
{Heap before GC invocations=7166 (full 7152):
 garbage-first heap   total 91136K, used 33897K [0x00000000c0000000, 0x0000000100000000)
  region size 1024K, 1 young (1024K), 0 survivors (0K)
 Metaspace       used 62146K, committed 62848K, reserved 1114112K
  class space    used 7299K, committed 7616K, reserved 1048576K
}
Event: 76040.570 GC heap after
{Heap after GC invocations=7167 (full 7153):
 garbage-first heap   total 91136K, used 33897K [0x00000000c0000000, 0x0000000100000000)
  region size 1024K, 0 young (0K), 0 survivors (0K)
 Metaspace       used 62146K, committed 62848K, reserved 1114112K
  class space    used 7299K, committed 7616K, reserved 1048576K
}
Event: 76051.354 GC heap before
{Heap before GC invocations=7167 (full 7153):
 garbage-first heap   total 91136K, used 33897K [0x00000000c0000000, 0x0000000100000000)
  region size 1024K, 1 young (1024K), 0 survivors (0K)
 Metaspace       used 62146K, committed 62848K, reserved 1114112K
  class space    used 7299K, committed 7616K, reserved 1048576K
}
Event: 76051.404 GC heap after
{Heap after GC invocations=7168 (full 7154):
 garbage-first heap   total 91136K, used 33897K [0x00000000c0000000, 0x0000000100000000)
  region size 1024K, 0 young (0K), 0 survivors (0K)
 Metaspace       used 62146K, committed 62848K, reserved 1114112K
  class space    used 7299K, committed 7616K, reserved 1048576K
}
Event: 76062.208 GC heap before
{Heap before GC invocations=7168 (full 7154):
 garbage-first heap   total 91136K, used 33897K [0x00000000c0000000, 0x0000000100000000)
  region size 1024K, 1 young (1024K), 0 survivors (0K)
 Metaspace       used 62146K, committed 62848K, reserved 1114112K
  class space    used 7299K, committed 7616K, reserved 1048576K
}
Event: 76062.256 GC heap after
{Heap after GC invocations=7169 (full 7155):
 garbage-first heap   total 91136K, used 33897K [0x00000000c0000000, 0x0000000100000000)
  region size 1024K, 0 young (0K), 0 survivors (0K)
 Metaspace       used 62146K, committed 62848K, reserved 1114112K
  class space    used 7299K, committed 7616K, reserved 1048576K
}
Event: 76073.045 GC heap before
{Heap before GC invocations=7169 (full 7155):
 garbage-first heap   total 91136K, used 33897K [0x00000000c0000000, 0x0000000100000000)
  region size 1024K, 1 young (1024K), 0 survivors (0K)
 Metaspace       used 62146K, committed 62848K, reserved 1114112K
  class space    used 7299K, committed 7616K, reserved 1048576K
}
Event: 76073.092 GC heap after
{Heap after GC invocations=7170 (full 7156):
 garbage-first heap   total 91136K, used 33897K [0x00000000c0000000, 0x0000000100000000)
  region size 1024K, 0 young (0K), 0 survivors (0K)
 Metaspace       used 62146K, committed 62848K, reserved 1114112K
  class space    used 7299K, committed 7616K, reserved 1048576K
}
Event: 76083.806 GC heap before
{Heap before GC invocations=7170 (full 7156):
 garbage-first heap   total 91136K, used 33897K [0x00000000c0000000, 0x0000000100000000)
  region size 1024K, 1 young (1024K), 0 survivors (0K)
 Metaspace       used 62146K, committed 62848K, reserved 1114112K
  class space    used 7299K, committed 7616K, reserved 1048576K
}
Event: 76083.854 GC heap after
{Heap after GC invocations=7171 (full 7157):
 garbage-first heap   total 91136K, used 33897K [0x00000000c0000000, 0x0000000100000000)
  region size 1024K, 0 young (0K), 0 survivors (0K)
 Metaspace       used 62146K, committed 62848K, reserved 1114112K
  class space    used 7299K, committed 7616K, reserved 1048576K
}
Event: 76094.805 GC heap before
{Heap before GC invocations=7171 (full 7157):
 garbage-first heap   total 91136K, used 33897K [0x00000000c0000000, 0x0000000100000000)
  region size 1024K, 1 young (1024K), 0 survivors (0K)
 Metaspace       used 62146K, committed 62848K, reserved 1114112K
  class space    used 7299K, committed 7616K, reserved 1048576K
}
Event: 76094.856 GC heap after
{Heap after GC invocations=7172 (full 7158):
 garbage-first heap   total 91136K, used 33897K [0x00000000c0000000, 0x0000000100000000)
  region size 1024K, 0 young (0K), 0 survivors (0K)
 Metaspace       used 62146K, committed 62848K, reserved 1114112K
  class space    used 7299K, committed 7616K, reserved 1048576K
}
Event: 76106.183 GC heap before
{Heap before GC invocations=7172 (full 7158):
 garbage-first heap   total 91136K, used 33897K [0x00000000c0000000, 0x0000000100000000)
  region size 1024K, 1 young (1024K), 0 survivors (0K)
 Metaspace       used 62146K, committed 62848K, reserved 1114112K
  class space    used 7299K, committed 7616K, reserved 1048576K
}

