# JRE version: OpenJDK Runtime Environment Temurin-21.0.3+9 (21.0.3+9) (build 21.0.3+9-LTS)
# Java VM: OpenJDK 64-Bit Server VM Temurin-21.0.3+9 (21.0.3+9-LTS, mixed mode, emulated-client, tiered, compressed oops, compressed class ptrs, g1 gc, windows-amd64)
GC Precious Log:
 CardTable entry size: 512
 Card Set container configuration: InlinePtr #cards 5 size 8 Array Of Cards #cards 12 size 40 Howl #buckets 4 coarsen threshold 1843 Howl Bitmap #cards 512 size 80 coarsen threshold 460 Card regions per heap region 1 cards per card region 2048
 CPUs: 4 total, 4 available
 Memory: 16176M
 Large Page Support: Disabled
 NUMA Support: Disabled
 Compressed Oops: Enabled (32-bit)
 Heap Region Size: 1M
 Heap Min Capacity: 8M
 Heap Initial Capacity: 254M
 Heap Max Capacity: 1G
 Pre-touch: Disabled
 Parallel Workers: 4
 Concurrent Workers: 1
 Concurrent Refinement Workers: 4
 Periodic GC: Disabled
Heap:
 garbage-first heap   total 81920K, used 33868K [0x00000000c0000000, 0x0000000100000000)
  region size 1024K, 1 young (1024K), 0 survivors (0K)
 Metaspace       used 62144K, committed 63168K, reserved 1114112K
  class space    used 7281K, committed 7680K, reserved 1048576K
GC Heap History (20 events):
Event: 1541.010 GC heap after
{Heap after GC invocations=81 (full 65):
 garbage-first heap   total 81920K, used 33868K [0x00000000c0000000, 0x0000000100000000)
  region size 1024K, 0 young (0K), 0 survivors (0K)
 Metaspace       used 62144K, committed 63168K, reserved 1114112K
  class space    used 7281K, committed 7680K, reserved 1048576K
}
Event: 1551.656 GC heap before
{Heap before GC invocations=81 (full 65):
 garbage-first heap   total 81920K, used 33868K [0x00000000c0000000, 0x0000000100000000)
  region size 1024K, 1 young (1024K), 0 survivors (0K)
 Metaspace       used 62144K, committed 63168K, reserved 1114112K
  class space    used 7281K, committed 7680K, reserved 1048576K
}
Event: 1551.696 GC heap after
{Heap after GC invocations=82 (full 66):
 garbage-first heap   total 81920K, used 33868K [0x00000000c0000000, 0x0000000100000000)
  region size 1024K, 0 young (0K), 0 survivors (0K)
 Metaspace       used 62144K, committed 63168K, reserved 1114112K
  class space    used 7281K, committed 7680K, reserved 1048576K
}
Event: 1562.217 GC heap before
{Heap before GC invocations=82 (full 66):
 garbage-first heap   total 81920K, used 33868K [0x00000000c0000000, 0x0000000100000000)
  region size 1024K, 1 young (1024K), 0 survivors (0K)
 Metaspace       used 62144K, committed 63168K, reserved 1114112K
  class space    used 7281K, committed 7680K, reserved 1048576K
}
Event: 1562.256 GC heap after
{Heap after GC invocations=83 (full 67):
 garbage-first heap   total 81920K, used 33868K [0x00000000c0000000, 0x0000000100000000)
  region size 1024K, 0 young (0K), 0 survivors (0K)
 Metaspace       used 62144K, committed 63168K, reserved 1114112K
  class space    used 7281K, committed 7680K, reserved 1048576K
}
Event: 1572.956 GC heap before
{Heap before GC invocations=83 (full 67):
 garbage-first heap   total 81920K, used 33868K [0x00000000c0000000, 0x0000000100000000)
  region size 1024K, 1 young (1024K), 0 survivors (0K)
 Metaspace       used 62144K, committed 63168K, reserved 1114112K
  class space    used 7281K, committed 7680K, reserved 1048576K
}
Event: 1573.003 GC heap after
{Heap after GC invocations=84 (full 68):
 garbage-first heap   total 81920K, used 33868K [0x00000000c0000000, 0x0000000100000000)
  region size 1024K, 0 young (0K), 0 survivors (0K)
 Metaspace       used 62144K, committed 63168K, reserved 1114112K
  class space    used 7281K, committed 7680K, reserved 1048576K
}
Event: 1583.698 GC heap before
{Heap before GC invocations=84 (full 68):
 garbage-first heap   total 81920K, used 33868K [0x00000000c0000000, 0x0000000100000000)
  region size 1024K, 1 young (1024K), 0 survivors (0K)
 Metaspace       used 62144K, committed 63168K, reserved 1114112K
  class space    used 7281K, committed 7680K, reserved 1048576K
}
Event: 1583.736 GC heap after
{Heap after GC invocations=85 (full 69):
 garbage-first heap   total 81920K, used 33868K [0x00000000c0000000, 0x0000000100000000)
  region size 1024K, 0 young (0K), 0 survivors (0K)
 Metaspace       used 62144K, committed 63168K, reserved 1114112K
  class space    used 7281K, committed 7680K, reserved 1048576K
}
Event: 1594.459 GC heap before
{Heap before GC invocations=85 (full 69):
 garbage-first heap   total 81920K, used 33868K [0x00000000c0000000, 0x0000000100000000)
  region size 1024K, 1 young (1024K), 0 survivors (0K)
 Metaspace       used 62144K, committed 63168K, reserved 1114112K
  class space    used 7281K, committed 7680K, reserved 1048576K
}
Event: 1594.501 GC heap after
{Heap after GC invocations=86 (full 70):
 garbage-first heap   total 81920K, used 33868K [0x00000000c0000000, 0x0000000100000000)
  region size 1024K, 0 young (0K), 0 survivors (0K)
 Metaspace       used 62144K, committed 63168K, reserved 1114112K
  class space    used 7281K, committed 7680K, reserved 1048576K
}
Event: 1605.147 GC heap before
{Heap before GC invocations=86 (full 70):
 garbage-first heap   total 81920K, used 33868K [0x00000000c0000000, 0x0000000100000000)
  region size 1024K, 1 young (1024K), 0 survivors (0K)
 Metaspace       used 62144K, committed 63168K, reserved 1114112K
  class space    used 7281K, committed 7680K, reserved 1048576K
}
Event: 1605.201 GC heap after
{Heap after GC invocations=87 (full 71):
 garbage-first heap   total 81920K, used 33868K [0x00000000c0000000, 0x0000000100000000)
  region size 1024K, 0 young (0K), 0 survivors (0K)
 Metaspace       used 62144K, committed 63168K, reserved 1114112K
  class space    used 7281K, committed 7680K, reserved 1048576K
}
Event: 1615.908 GC heap before
{Heap before GC invocations=87 (full 71):
 garbage-first heap   total 81920K, used 33868K [0x00000000c0000000, 0x0000000100000000)
  region size 1024K, 1 young (1024K), 0 survivors (0K)
 Metaspace       used 62144K, committed 63168K, reserved 1114112K
  class space    used 7281K, committed 7680K, reserved 1048576K
}
Event: 1615.950 GC heap after
{Heap after GC invocations=88 (full 72):
 garbage-first heap   total 81920K, used 33868K [0x00000000c0000000, 0x0000000100000000)
  region size 1024K, 0 young (0K), 0 survivors (0K)
 Metaspace       used 62144K, committed 63168K, reserved 1114112K
  class space    used 7281K, committed 7680K, reserved 1048576K
}
Event: 1626.559 GC heap before
{Heap before GC invocations=88 (full 72):
 garbage-first heap   total 81920K, used 33868K [0x00000000c0000000, 0x0000000100000000)
  region size 1024K, 1 young (1024K), 0 survivors (0K)
 Metaspace       used 62144K, committed 63168K, reserved 1114112K
  class space    used 7281K, committed 7680K, reserved 1048576K
}
Event: 1626.608 GC heap after
{Heap after GC invocations=89 (full 73):
 garbage-first heap   total 81920K, used 33868K [0x00000000c0000000, 0x0000000100000000)
  region size 1024K, 0 young (0K), 0 survivors (0K)
 Metaspace       used 62144K, committed 63168K, reserved 1114112K
  class space    used 7281K, committed 7680K, reserved 1048576K
}
Event: 1637.181 GC heap before
{Heap before GC invocations=89 (full 73):
 garbage-first heap   total 81920K, used 33868K [0x00000000c0000000, 0x0000000100000000)
  region size 1024K, 1 young (1024K), 0 survivors (0K)
 Metaspace       used 62144K, committed 63168K, reserved 1114112K
  class space    used 7281K, committed 7680K, reserved 1048576K
}
Event: 1637.227 GC heap after
{Heap after GC invocations=90 (full 74):
 garbage-first heap   total 81920K, used 33868K [0x00000000c0000000, 0x0000000100000000)
  region size 1024K, 0 young (0K), 0 survivors (0K)
 Metaspace       used 62144K, committed 63168K, reserved 1114112K
  class space    used 7281K, committed 7680K, reserved 1048576K
}
Event: 1647.842 GC heap before
{Heap before GC invocations=90 (full 74):
 garbage-first heap   total 81920K, used 33868K [0x00000000c0000000, 0x0000000100000000)
  region size 1024K, 1 young (1024K), 0 survivors (0K)
 Metaspace       used 62144K, committed 63168K, reserved 1114112K
  class space    used 7281K, committed 7680K, reserved 1048576K
}

