# JRE version: OpenJDK Runtime Environment Temurin-21.0.3+9 (21.0.3+9) (build 21.0.3+9-LTS)
# Java VM: OpenJDK 64-Bit Server VM Temurin-21.0.3+9 (21.0.3+9-LTS, mixed mode, emulated-client, tiered, compressed oops, compressed class ptrs, g1 gc, windows-amd64)
GC Precious Log:
 CardTable entry size: 512
 Card Set container configuration: InlinePtr #cards 5 size 8 Array Of Cards #cards 12 size 40 Howl #buckets 4 coarsen threshold 1843 Howl Bitmap #cards 512 size 80 coarsen threshold 460 Card regions per heap region 1 cards per card region 2048
 CPUs: 4 total, 4 available
 Memory: 16176M
 Large Page Support: Disabled
 NUMA Support: Disabled
 Compressed Oops: Enabled (32-bit)
 Heap Region Size: 1M
 Heap Min Capacity: 8M
 Heap Initial Capacity: 254M
 Heap Max Capacity: 1G
 Pre-touch: Disabled
 Parallel Workers: 4
 Concurrent Workers: 1
 Concurrent Refinement Workers: 4
 Periodic GC: Disabled
Heap:
 garbage-first heap   total 133120K, used 39319K [0x00000000c0000000, 0x0000000100000000)
  region size 1024K, 1 young (1024K), 0 survivors (0K)
 Metaspace       used 63746K, committed 64512K, reserved 1114112K
  class space    used 7522K, committed 7872K, reserved 1048576K
GC Heap History (20 events):
Event: 338451.528 GC heap after
{Heap after GC invocations=31668 (full 31480):
 garbage-first heap   total 133120K, used 39319K [0x00000000c0000000, 0x0000000100000000)
  region size 1024K, 0 young (0K), 0 survivors (0K)
 Metaspace       used 63746K, committed 64512K, reserved 1114112K
  class space    used 7522K, committed 7872K, reserved 1048576K
}
Event: 338462.243 GC heap before
{Heap before GC invocations=31668 (full 31480):
 garbage-first heap   total 133120K, used 39319K [0x00000000c0000000, 0x0000000100000000)
  region size 1024K, 1 young (1024K), 0 survivors (0K)
 Metaspace       used 63746K, committed 64512K, reserved 1114112K
  class space    used 7522K, committed 7872K, reserved 1048576K
}
Event: 338462.279 GC heap after
{Heap after GC invocations=31669 (full 31481):
 garbage-first heap   total 133120K, used 39319K [0x00000000c0000000, 0x0000000100000000)
  region size 1024K, 0 young (0K), 0 survivors (0K)
 Metaspace       used 63746K, committed 64512K, reserved 1114112K
  class space    used 7522K, committed 7872K, reserved 1048576K
}
Event: 338472.927 GC heap before
{Heap before GC invocations=31669 (full 31481):
 garbage-first heap   total 133120K, used 39319K [0x00000000c0000000, 0x0000000100000000)
  region size 1024K, 1 young (1024K), 0 survivors (0K)
 Metaspace       used 63746K, committed 64512K, reserved 1114112K
  class space    used 7522K, committed 7872K, reserved 1048576K
}
Event: 338472.964 GC heap after
{Heap after GC invocations=31670 (full 31482):
 garbage-first heap   total 133120K, used 39319K [0x00000000c0000000, 0x0000000100000000)
  region size 1024K, 0 young (0K), 0 survivors (0K)
 Metaspace       used 63746K, committed 64512K, reserved 1114112K
  class space    used 7522K, committed 7872K, reserved 1048576K
}
Event: 338483.632 GC heap before
{Heap before GC invocations=31670 (full 31482):
 garbage-first heap   total 133120K, used 39319K [0x00000000c0000000, 0x0000000100000000)
  region size 1024K, 1 young (1024K), 0 survivors (0K)
 Metaspace       used 63746K, committed 64512K, reserved 1114112K
  class space    used 7522K, committed 7872K, reserved 1048576K
}
Event: 338483.661 GC heap after
{Heap after GC invocations=31671 (full 31483):
 garbage-first heap   total 133120K, used 39319K [0x00000000c0000000, 0x0000000100000000)
  region size 1024K, 0 young (0K), 0 survivors (0K)
 Metaspace       used 63746K, committed 64512K, reserved 1114112K
  class space    used 7522K, committed 7872K, reserved 1048576K
}
Event: 338494.837 GC heap before
{Heap before GC invocations=31671 (full 31483):
 garbage-first heap   total 133120K, used 39319K [0x00000000c0000000, 0x0000000100000000)
  region size 1024K, 1 young (1024K), 0 survivors (0K)
 Metaspace       used 63746K, committed 64512K, reserved 1114112K
  class space    used 7522K, committed 7872K, reserved 1048576K
}
Event: 338494.879 GC heap after
{Heap after GC invocations=31672 (full 31484):
 garbage-first heap   total 133120K, used 39319K [0x00000000c0000000, 0x0000000100000000)
  region size 1024K, 0 young (0K), 0 survivors (0K)
 Metaspace       used 63746K, committed 64512K, reserved 1114112K
  class space    used 7522K, committed 7872K, reserved 1048576K
}
Event: 338505.674 GC heap before
{Heap before GC invocations=31672 (full 31484):
 garbage-first heap   total 133120K, used 39319K [0x00000000c0000000, 0x0000000100000000)
  region size 1024K, 1 young (1024K), 0 survivors (0K)
 Metaspace       used 63746K, committed 64512K, reserved 1114112K
  class space    used 7522K, committed 7872K, reserved 1048576K
}
Event: 338505.708 GC heap after
{Heap after GC invocations=31673 (full 31485):
 garbage-first heap   total 133120K, used 39319K [0x00000000c0000000, 0x0000000100000000)
  region size 1024K, 0 young (0K), 0 survivors (0K)
 Metaspace       used 63746K, committed 64512K, reserved 1114112K
  class space    used 7522K, committed 7872K, reserved 1048576K
}
Event: 338516.406 GC heap before
{Heap before GC invocations=31673 (full 31485):
 garbage-first heap   total 133120K, used 39319K [0x00000000c0000000, 0x0000000100000000)
  region size 1024K, 1 young (1024K), 0 survivors (0K)
 Metaspace       used 63746K, committed 64512K, reserved 1114112K
  class space    used 7522K, committed 7872K, reserved 1048576K
}
Event: 338516.458 GC heap after
{Heap after GC invocations=31674 (full 31486):
 garbage-first heap   total 133120K, used 39319K [0x00000000c0000000, 0x0000000100000000)
  region size 1024K, 0 young (0K), 0 survivors (0K)
 Metaspace       used 63746K, committed 64512K, reserved 1114112K
  class space    used 7522K, committed 7872K, reserved 1048576K
}
Event: 338527.147 GC heap before
{Heap before GC invocations=31674 (full 31486):
 garbage-first heap   total 133120K, used 39319K [0x00000000c0000000, 0x0000000100000000)
  region size 1024K, 1 young (1024K), 0 survivors (0K)
 Metaspace       used 63746K, committed 64512K, reserved 1114112K
  class space    used 7522K, committed 7872K, reserved 1048576K
}
Event: 338527.193 GC heap after
{Heap after GC invocations=31675 (full 31487):
 garbage-first heap   total 133120K, used 39319K [0x00000000c0000000, 0x0000000100000000)
  region size 1024K, 0 young (0K), 0 survivors (0K)
 Metaspace       used 63746K, committed 64512K, reserved 1114112K
  class space    used 7522K, committed 7872K, reserved 1048576K
}
Event: 338537.989 GC heap before
{Heap before GC invocations=31675 (full 31487):
 garbage-first heap   total 133120K, used 39319K [0x00000000c0000000, 0x0000000100000000)
  region size 1024K, 1 young (1024K), 0 survivors (0K)
 Metaspace       used 63746K, committed 64512K, reserved 1114112K
  class space    used 7522K, committed 7872K, reserved 1048576K
}
Event: 338538.029 GC heap after
{Heap after GC invocations=31676 (full 31488):
 garbage-first heap   total 133120K, used 39319K [0x00000000c0000000, 0x0000000100000000)
  region size 1024K, 0 young (0K), 0 survivors (0K)
 Metaspace       used 63746K, committed 64512K, reserved 1114112K
  class space    used 7522K, committed 7872K, reserved 1048576K
}
Event: 338548.677 GC heap before
{Heap before GC invocations=31676 (full 31488):
 garbage-first heap   total 133120K, used 39319K [0x00000000c0000000, 0x0000000100000000)
  region size 1024K, 1 young (1024K), 0 survivors (0K)
 Metaspace       used 63746K, committed 64512K, reserved 1114112K
  class space    used 7522K, committed 7872K, reserved 1048576K
}
Event: 338548.710 GC heap after
{Heap after GC invocations=31677 (full 31489):
 garbage-first heap   total 133120K, used 39319K [0x00000000c0000000, 0x0000000100000000)
  region size 1024K, 0 young (0K), 0 survivors (0K)
 Metaspace       used 63746K, committed 64512K, reserved 1114112K
  class space    used 7522K, committed 7872K, reserved 1048576K
}
Event: 338558.783 GC heap before
{Heap before GC invocations=31677 (full 31489):
 garbage-first heap   total 133120K, used 39319K [0x00000000c0000000, 0x0000000100000000)
  region size 1024K, 1 young (1024K), 0 survivors (0K)
 Metaspace       used 63746K, committed 64512K, reserved 1114112K
  class space    used 7522K, committed 7872K, reserved 1048576K
}

