# JRE version: OpenJDK Runtime Environment Temurin-21.0.3+9 (21.0.3+9) (build 21.0.3+9-LTS)
# Java VM: OpenJDK 64-Bit Server VM Temurin-21.0.3+9 (21.0.3+9-LTS, mixed mode, emulated-client, tiered, compressed oops, compressed class ptrs, g1 gc, windows-amd64)
GC Precious Log:
 CardTable entry size: 512
 Card Set container configuration: InlinePtr #cards 5 size 8 Array Of Cards #cards 12 size 40 Howl #buckets 4 coarsen threshold 1843 Howl Bitmap #cards 512 size 80 coarsen threshold 460 Card regions per heap region 1 cards per card region 2048
 CPUs: 4 total, 4 available
 Memory: 16080M
 Large Page Support: Disabled
 NUMA Support: Disabled
 Compressed Oops: Enabled (32-bit)
 Heap Region Size: 1M
 Heap Min Capacity: 8M
 Heap Initial Capacity: 252M
 Heap Max Capacity: 1G
 Pre-touch: Disabled
 Parallel Workers: 4
 Concurrent Workers: 1
 Concurrent Refinement Workers: 4
 Periodic GC: Disabled
Heap:
 garbage-first heap   total 71680K, used 35315K [0x00000000c0000000, 0x0000000100000000)
  region size 1024K, 1 young (1024K), 0 survivors (0K)
 Metaspace       used 62746K, committed 63424K, reserved 1114112K
  class space    used 7369K, committed 7680K, reserved 1048576K
GC Heap History (20 events):
Event: 344038.821 GC heap after
{Heap after GC invocations=32041 (full 32000):
 garbage-first heap   total 71680K, used 35315K [0x00000000c0000000, 0x0000000100000000)
  region size 1024K, 0 young (0K), 0 survivors (0K)
 Metaspace       used 62746K, committed 63424K, reserved 1114112K
  class space    used 7369K, committed 7680K, reserved 1048576K
}
Event: 344049.244 GC heap before
{Heap before GC invocations=32041 (full 32000):
 garbage-first heap   total 71680K, used 35315K [0x00000000c0000000, 0x0000000100000000)
  region size 1024K, 1 young (1024K), 0 survivors (0K)
 Metaspace       used 62746K, committed 63424K, reserved 1114112K
  class space    used 7369K, committed 7680K, reserved 1048576K
}
Event: 344049.291 GC heap after
{Heap after GC invocations=32042 (full 32001):
 garbage-first heap   total 71680K, used 35315K [0x00000000c0000000, 0x0000000100000000)
  region size 1024K, 0 young (0K), 0 survivors (0K)
 Metaspace       used 62746K, committed 63424K, reserved 1114112K
  class space    used 7369K, committed 7680K, reserved 1048576K
}
Event: 344059.730 GC heap before
{Heap before GC invocations=32042 (full 32001):
 garbage-first heap   total 71680K, used 35315K [0x00000000c0000000, 0x0000000100000000)
  region size 1024K, 1 young (1024K), 0 survivors (0K)
 Metaspace       used 62746K, committed 63424K, reserved 1114112K
  class space    used 7369K, committed 7680K, reserved 1048576K
}
Event: 344059.775 GC heap after
{Heap after GC invocations=32043 (full 32002):
 garbage-first heap   total 71680K, used 35315K [0x00000000c0000000, 0x0000000100000000)
  region size 1024K, 0 young (0K), 0 survivors (0K)
 Metaspace       used 62746K, committed 63424K, reserved 1114112K
  class space    used 7369K, committed 7680K, reserved 1048576K
}
Event: 344070.211 GC heap before
{Heap before GC invocations=32043 (full 32002):
 garbage-first heap   total 71680K, used 35315K [0x00000000c0000000, 0x0000000100000000)
  region size 1024K, 1 young (1024K), 0 survivors (0K)
 Metaspace       used 62746K, committed 63424K, reserved 1114112K
  class space    used 7369K, committed 7680K, reserved 1048576K
}
Event: 344070.258 GC heap after
{Heap after GC invocations=32044 (full 32003):
 garbage-first heap   total 71680K, used 35315K [0x00000000c0000000, 0x0000000100000000)
  region size 1024K, 0 young (0K), 0 survivors (0K)
 Metaspace       used 62746K, committed 63424K, reserved 1114112K
  class space    used 7369K, committed 7680K, reserved 1048576K
}
Event: 344080.684 GC heap before
{Heap before GC invocations=32044 (full 32003):
 garbage-first heap   total 71680K, used 35315K [0x00000000c0000000, 0x0000000100000000)
  region size 1024K, 1 young (1024K), 0 survivors (0K)
 Metaspace       used 62746K, committed 63424K, reserved 1114112K
  class space    used 7369K, committed 7680K, reserved 1048576K
}
Event: 344080.734 GC heap after
{Heap after GC invocations=32045 (full 32004):
 garbage-first heap   total 71680K, used 35315K [0x00000000c0000000, 0x0000000100000000)
  region size 1024K, 0 young (0K), 0 survivors (0K)
 Metaspace       used 62746K, committed 63424K, reserved 1114112K
  class space    used 7369K, committed 7680K, reserved 1048576K
}
Event: 344091.162 GC heap before
{Heap before GC invocations=32045 (full 32004):
 garbage-first heap   total 71680K, used 35315K [0x00000000c0000000, 0x0000000100000000)
  region size 1024K, 1 young (1024K), 0 survivors (0K)
 Metaspace       used 62746K, committed 63424K, reserved 1114112K
  class space    used 7369K, committed 7680K, reserved 1048576K
}
Event: 344091.209 GC heap after
{Heap after GC invocations=32046 (full 32005):
 garbage-first heap   total 71680K, used 35315K [0x00000000c0000000, 0x0000000100000000)
  region size 1024K, 0 young (0K), 0 survivors (0K)
 Metaspace       used 62746K, committed 63424K, reserved 1114112K
  class space    used 7369K, committed 7680K, reserved 1048576K
}
Event: 344101.639 GC heap before
{Heap before GC invocations=32046 (full 32005):
 garbage-first heap   total 71680K, used 35315K [0x00000000c0000000, 0x0000000100000000)
  region size 1024K, 1 young (1024K), 0 survivors (0K)
 Metaspace       used 62746K, committed 63424K, reserved 1114112K
  class space    used 7369K, committed 7680K, reserved 1048576K
}
Event: 344101.687 GC heap after
{Heap after GC invocations=32047 (full 32006):
 garbage-first heap   total 71680K, used 35315K [0x00000000c0000000, 0x0000000100000000)
  region size 1024K, 0 young (0K), 0 survivors (0K)
 Metaspace       used 62746K, committed 63424K, reserved 1114112K
  class space    used 7369K, committed 7680K, reserved 1048576K
}
Event: 344112.193 GC heap before
{Heap before GC invocations=32047 (full 32006):
 garbage-first heap   total 71680K, used 35315K [0x00000000c0000000, 0x0000000100000000)
  region size 1024K, 1 young (1024K), 0 survivors (0K)
 Metaspace       used 62746K, committed 63424K, reserved 1114112K
  class space    used 7369K, committed 7680K, reserved 1048576K
}
Event: 344112.238 GC heap after
{Heap after GC invocations=32048 (full 32007):
 garbage-first heap   total 71680K, used 35315K [0x00000000c0000000, 0x0000000100000000)
  region size 1024K, 0 young (0K), 0 survivors (0K)
 Metaspace       used 62746K, committed 63424K, reserved 1114112K
  class space    used 7369K, committed 7680K, reserved 1048576K
}
Event: 344122.683 GC heap before
{Heap before GC invocations=32048 (full 32007):
 garbage-first heap   total 71680K, used 35315K [0x00000000c0000000, 0x0000000100000000)
  region size 1024K, 1 young (1024K), 0 survivors (0K)
 Metaspace       used 62746K, committed 63424K, reserved 1114112K
  class space    used 7369K, committed 7680K, reserved 1048576K
}
Event: 344122.733 GC heap after
{Heap after GC invocations=32049 (full 32008):
 garbage-first heap   total 71680K, used 35315K [0x00000000c0000000, 0x0000000100000000)
  region size 1024K, 0 young (0K), 0 survivors (0K)
 Metaspace       used 62746K, committed 63424K, reserved 1114112K
  class space    used 7369K, committed 7680K, reserved 1048576K
}
Event: 344133.145 GC heap before
{Heap before GC invocations=32049 (full 32008):
 garbage-first heap   total 71680K, used 35315K [0x00000000c0000000, 0x0000000100000000)
  region size 1024K, 1 young (1024K), 0 survivors (0K)
 Metaspace       used 62746K, committed 63424K, reserved 1114112K
  class space    used 7369K, committed 7680K, reserved 1048576K
}
Event: 344133.190 GC heap after
{Heap after GC invocations=32050 (full 32009):
 garbage-first heap   total 71680K, used 35315K [0x00000000c0000000, 0x0000000100000000)
  region size 1024K, 0 young (0K), 0 survivors (0K)
 Metaspace       used 62746K, committed 63424K, reserved 1114112K
  class space    used 7369K, committed 7680K, reserved 1048576K
}
Event: 344143.233 GC heap before
{Heap before GC invocations=32050 (full 32009):
 garbage-first heap   total 71680K, used 35315K [0x00000000c0000000, 0x0000000100000000)
  region size 1024K, 1 young (1024K), 0 survivors (0K)
 Metaspace       used 62746K, committed 63424K, reserved 1114112K
  class space    used 7369K, committed 7680K, reserved 1048576K
}

